2026-01-07 12:05:57,042 - INFO - Starting product API ingestion
2026-01-07 12:05:57,055 - INFO - Product data ingested successfully at data\raw\products\2026\01\07\products.json
2026-01-07 12:07:27,868 - INFO - Starting clickstream ingestion
2026-01-07 12:07:27,887 - INFO - Clickstream data ingested successfully at data\raw\clickstream\2026\01\07\clickstream.csv
2026-01-07 12:07:37,629 - INFO - Starting clickstream ingestion
2026-01-07 12:07:37,630 - INFO - Clickstream data ingested successfully at data\raw\clickstream\2026\01\07\clickstream.csv
2026-01-07 12:07:44,095 - INFO - Starting product API ingestion
2026-01-07 12:07:44,114 - INFO - Product data ingested successfully at data\raw\products\2026\01\07\products.json
2026-01-07 12:08:44,052 - INFO - Starting product API ingestion
2026-01-07 12:08:44,052 - ERROR - Attempt 1 failed: [Errno 2] No such file or directory: 'data\\source_files\\products.json'
2026-01-07 12:08:46,052 - INFO - Starting product API ingestion
2026-01-07 12:08:46,052 - ERROR - Attempt 2 failed: [Errno 2] No such file or directory: 'data\\source_files\\products.json'
2026-01-07 12:08:48,053 - INFO - Starting product API ingestion
2026-01-07 12:08:48,053 - ERROR - Attempt 3 failed: [Errno 2] No such file or directory: 'data\\source_files\\products.json'
2026-01-07 12:08:50,054 - ERROR - Product ingestion failed after retries
2026-01-07 12:09:07,058 - INFO - Starting product API ingestion
2026-01-07 12:09:07,058 - INFO - Product data ingested successfully at data\raw\products\2026\01\07\products.json
2026-01-07 12:16:56,892 - INFO - Starting product API ingestion
2026-01-07 12:16:56,893 - INFO - Product data ingested successfully at data\raw\products\2026\01\07\products.json
2026-01-07 12:17:00,295 - INFO - Starting clickstream ingestion
2026-01-07 12:17:00,295 - INFO - Clickstream data ingested successfully at data\raw\clickstream\2026\01\07\clickstream.csv
2026-01-07 17:19:10,715 - INFO - Starting clickstream ingestion
2026-01-07 17:19:10,734 - INFO - Clickstream data ingested successfully at data\raw\clickstream\2026\01\07\clickstream.csv
2026-01-07 17:21:20,090 - INFO - Starting clickstream ingestion
2026-01-07 17:21:20,090 - INFO - Clickstream data ingested successfully at data\raw\clickstream\2026\01\07\clickstream.csv
2026-01-10 18:54:38,626 - INFO - Starting product API ingestion
2026-01-10 18:54:39,231 - INFO - Product data ingested successfully from API at data\raw\products\2026\01\10\products.json
2026-01-10 18:54:57,320 - INFO - Starting clickstream ingestion
2026-01-10 18:54:57,329 - INFO - Clickstream data ingested successfully at data\raw\clickstream\2026\01\10\clickstream.csv
2026-01-20 14:25:11,405 - INFO - Starting clickstream ingestion
2026-01-20 14:25:11,416 - INFO - Clickstream data ingested successfully at data\raw\clickstream\2026\01\20\clickstream.csv
2026-01-20 14:25:11,604 - INFO - Starting product API ingestion
2026-01-20 14:25:12,339 - INFO - Product data ingested successfully from API at data\raw\products\2026\01\20\products.json
2026-01-20 14:31:49,419 - INFO - Starting clickstream ingestion
2026-01-20 14:31:49,420 - INFO - Clickstream data ingested successfully at data\raw\clickstream\2026\01\20\clickstream.csv
2026-01-20 14:31:49,591 - INFO - Starting product API ingestion
2026-01-20 14:31:49,860 - ERROR - Attempt 1 failed: ('Connection aborted.', ConnectionResetError(10054, 'An existing connection was forcibly closed by the remote host', None, 10054, None))
2026-01-20 14:31:51,861 - INFO - Starting product API ingestion
2026-01-20 14:31:52,126 - ERROR - Attempt 2 failed: ('Connection aborted.', ConnectionResetError(10054, 'An existing connection was forcibly closed by the remote host', None, 10054, None))
2026-01-20 14:31:54,127 - INFO - Starting product API ingestion
2026-01-20 14:31:54,687 - INFO - Product data ingested successfully from API at data\raw\products\2026\01\20\products.json
2026-01-20 14:33:28,193 - INFO - Starting clickstream ingestion
2026-01-20 14:33:28,193 - INFO - Clickstream data ingested successfully at data\raw\clickstream\2026\01\20\clickstream.csv
2026-01-20 14:33:28,359 - INFO - Starting product API ingestion
2026-01-20 14:33:28,884 - INFO - Product data ingested successfully from API at data\raw\products\2026\01\20\products.json
2026-01-20 14:35:38,824 - INFO - Starting clickstream ingestion
2026-01-20 14:35:38,825 - INFO - Clickstream data ingested successfully at data\raw\clickstream\2026\01\20\clickstream.csv
2026-01-20 14:35:39,001 - INFO - Starting product API ingestion
2026-01-20 14:35:39,524 - INFO - Product data ingested successfully from API at data\raw\products\2026\01\20\products.json
2026-01-25 15:51:37,403 - INFO - Starting clickstream ingestion
2026-01-25 15:51:37,411 - INFO - Clickstream data ingested successfully at data\raw\clickstream\2026\01\25\clickstream.csv
2026-01-25 15:51:43,116 - INFO - Starting product API ingestion
2026-01-25 15:51:43,401 - ERROR - Attempt 1 failed: ('Connection aborted.', ConnectionResetError(10054, 'An existing connection was forcibly closed by the remote host', None, 10054, None))
2026-01-25 15:51:45,402 - INFO - Starting product API ingestion
2026-01-25 15:51:46,470 - INFO - Product data ingested successfully from API at data\raw\products\2026\01\25\products.json
2026-01-25 15:54:49,004 - INFO - Starting clickstream ingestion
2026-01-25 15:54:49,004 - INFO - Clickstream data ingested successfully at data\raw\clickstream\2026\01\25\clickstream.csv
2026-01-25 15:54:49,180 - INFO - Starting product API ingestion
2026-01-25 15:54:49,475 - ERROR - Attempt 1 failed: ('Connection aborted.', ConnectionResetError(10054, 'An existing connection was forcibly closed by the remote host', None, 10054, None))
2026-01-25 15:54:51,476 - INFO - Starting product API ingestion
2026-01-25 15:54:51,734 - ERROR - Attempt 2 failed: ('Connection aborted.', ConnectionResetError(10054, 'An existing connection was forcibly closed by the remote host', None, 10054, None))
2026-01-25 15:54:53,735 - INFO - Starting product API ingestion
2026-01-25 15:54:54,333 - INFO - Product data ingested successfully from API at data\raw\products\2026\01\25\products.json
